<?xml version="1.0" encoding="UTF-8"?>
<!-- Generated by org.testng.reporters.JUnitReportReporter -->
<testsuite hostname="LAPTOP-QKO1N1CM" failures="0" tests="1" name="TestNg.Demo" time="0.014" errors="0" timestamp="2023-10-11T17:16:33 IST" skipped="0">
  <testcase classname="TestNg.Demo" name="dispaly" time="0.014"/>
  <system-out/>
</testsuite> <!-- TestNg.Demo -->
